<?xml version="1.0" encoding="UTF-8"?>
<testsuite xmlns:xsi="http://www.w3.org/2001/XMLSchema-instance" xsi:noNamespaceSchemaLocation="https://maven.apache.org/surefire/maven-surefire-plugin/xsd/surefire-test-report.xsd" name="com.mycompany.app.AppTest" time="0.322" tests="43" errors="0" skipped="0" failures="0">
  <properties>
[...]
</properties>
  <testcase name="r3EqualsC1_4AShouldBeFalse" classname="com.mycompany.app.AppTest" time="0.004"/>
  <testcase name="r4overlapsC4_10AShouldBeTrue" classname="com.mycompany.app.AppTest" time="0"/>
  <testcase name="r3notEqualsC1_4AShouldBeTrue" classname="com.mycompany.app.AppTest" time="0"/>
  <testcase name="r4ContainsRangeC1_3A" classname="com.mycompany.app.AppTest" time="0.002"/>
  <testcase name="r4DoesNotContains2_5" classname="com.mycompany.app.AppTest" time="0.001"/>
  <testcase name="r1EndPointsShouldBe1_4" classname="com.mycompany.app.AppTest" time="0.003"/>
  <testcase name="r3overlapsA4_7CShouldBeFalse" classname="com.mycompany.app.AppTest" time="0.001"/>
  <testcase name="r1notEqualsA0_5AShouldBeFalse" classname="com.mycompany.app.AppTest" time="0"/>
  <testcase name="r2EndPointsShouldBe1_3" classname="com.mycompany.app.AppTest" time="0"/>
  <testcase name="r3DoesNotContains1" classname="com.mycompany.app.AppTest" time="0"/>
  <testcase name="r3EndPointsShouldBe2_4" classname="com.mycompany.app.AppTest" time="0"/>
  <testcase name="r2EqualsC1_4AShouldBeTrue" classname="com.mycompany.app.AppTest" time="0"/>
  <testcase name="constructorThrowsIllegalArg" classname="com.mycompany.app.AppTest" time="0.001"/>
  <testcase name="r4EndPointsShouldBe2_3" classname="com.mycompany.app.AppTest" time="0"/>
  <testcase name="r3ContainsRangeC1_4C" classname="com.mycompany.app.AppTest" time="0"/>
  <testcase name="constructorC100_400A" classname="com.mycompany.app.AppTest" time="0.003"/>
  <testcase name="constructorA1_4A" classname="com.mycompany.app.AppTest" time="0.001"/>
  <testcase name="constructorA1_4C" classname="com.mycompany.app.AppTest" time="0.001"/>
  <testcase name="constructorC1_4A" classname="com.mycompany.app.AppTest" time="0.001"/>
  <testcase name="constructorC1_4C" classname="com.mycompany.app.AppTest" time="0"/>
  <testcase name="r2ContainsRangeC1_3A" classname="com.mycompany.app.AppTest" time="0"/>
  <testcase name="r2DoesNotContains2_3" classname="com.mycompany.app.AppTest" time="0"/>
  <testcase name="r1DoesNotContains2" classname="com.mycompany.app.AppTest" time="0"/>
  <testcase name="r2notEqualsC1_4AShouldBeFalse" classname="com.mycompany.app.AppTest" time="0.003"/>
  <testcase name="r1DoesNotContainsRangeC1_2C" classname="com.mycompany.app.AppTest" time="0"/>
  <testcase name="r1EqualsA0_5AShouldBeTrue" classname="com.mycompany.app.AppTest" time="0.001"/>
  <testcase name="r2DoesNotContainsRangeC1_3A" classname="com.mycompany.app.AppTest" time="0"/>
  <testcase name="r3DoesNotContainsRangeC1_4C" classname="com.mycompany.app.AppTest" time="0"/>
  <testcase name="r4DoesNotContainsRangeC1_3A" classname="com.mycompany.app.AppTest" time="0"/>
  <testcase name="r2Contains2_3" classname="com.mycompany.app.AppTest" time="0.001"/>
  <testcase name="r4notEqualsC10_20CShouldBeTrue" classname="com.mycompany.app.AppTest" time="0.001"/>
  <testcase name="r4Contains2_5" classname="com.mycompany.app.AppTest" time="0"/>
  <testcase name="r1ContainsRangeC1_2C" classname="com.mycompany.app.AppTest" time="0"/>
  <testcase name="r1overlapsA2_9AShouldBeTrue" classname="com.mycompany.app.AppTest" time="0.001"/>
  <testcase name="constructorThrowsIndexOutOfBound" classname="com.mycompany.app.AppTest" time="0.001"/>
  <testcase name="r4AllPoints" classname="com.mycompany.app.AppTest" time="0"/>
  <testcase name="r3AllPoints" classname="com.mycompany.app.AppTest" time="0.002"/>
  <testcase name="r4EqualsC10_20CShouldBeFalse" classname="com.mycompany.app.AppTest" time="0.001"/>
  <testcase name="r3Contains1" classname="com.mycompany.app.AppTest" time="0.001"/>
  <testcase name="r2overlapsC2_5AShouldBeTrue" classname="com.mycompany.app.AppTest" time="0.001"/>
  <testcase name="r2AllPoints" classname="com.mycompany.app.AppTest" time="0.001"/>
  <testcase name="r1AllPoints" classname="com.mycompany.app.AppTest" time="0"/>
  <testcase name="r1Contains2" classname="com.mycompany.app.AppTest" time="0"/>
</testsuite>